<?xml version="1.0" encoding="UTF-8"?>
<!-- Generated by org.testng.reporters.JUnitReportReporter -->
<testsuite hostname="Wasi" failures="0" tests="1" name="cucumberOptions.TestNGTestRunner" time="9.103" errors="0" timestamp="2023-07-07T20:42:49 EDT" skipped="0">
  <testcase classname="cucumberOptions.TestNGTestRunner" name="runScenario" time="9.103"/>
  <system-out/>
</testsuite> <!-- cucumberOptions.TestNGTestRunner -->
